{"C:\\Users\\NAZIMA\\rsschool-react-q4\\src\\components\\Card\\Card.tsx": {"path":"C:\\Users\\NAZIMA\\rsschool-react-q4\\src\\components\\Card\\Card.tsx","statementMap":{"0":{"start":{"line":1,"column":0},"end":{"line":1,"column":21}},"1":{"start":{"line":5,"column":0},"end":{"line":5,"column":47}},"2":{"start":{"line":11,"column":27},"end":{"line":36,"column":1}},"3":{"start":{"line":12,"column":19},"end":{"line":12,"column":32}},"4":{"start":{"line":14,"column":22},"end":{"line":21,"column":3}},"5":{"start":{"line":20,"column":4},"end":{"line":20,"column":65}},"6":{"start":{"line":23,"column":2},"end":{"line":35,"column":4}},"7":{"start":{"line":38,"column":0},"end":{"line":38,"column":20}}},"fnMap":{"0":{"name":"(anonymous_0)","decl":{"start":{"line":11,"column":27},"end":{"line":11,"column":28}},"loc":{"start":{"line":11,"column":50},"end":{"line":36,"column":1}}},"1":{"name":"(anonymous_1)","decl":{"start":{"line":14,"column":22},"end":{"line":14,"column":25}},"loc":{"start":{"line":14,"column":27},"end":{"line":21,"column":3}}}},"branchMap":{},"s":{"0":1,"1":1,"2":1,"3":0,"4":0,"5":0,"6":0,"7":1},"f":{"0":0,"1":0},"b":{}}
,"C:\\Users\\NAZIMA\\rsschool-react-q4\\src\\components\\CardList\\CardList.tsx": {"path":"C:\\Users\\NAZIMA\\rsschool-react-q4\\src\\components\\CardList\\CardList.tsx","statementMap":{"0":{"start":{"line":1,"column":0},"end":{"line":1,"column":25}},"1":{"start":{"line":4,"column":0},"end":{"line":4,"column":32}},"2":{"start":{"line":12,"column":29},"end":{"line":27,"column":1}},"3":{"start":{"line":13,"column":2},"end":{"line":13,"column":21}},"4":{"start":{"line":14,"column":2},"end":{"line":26,"column":4}},"5":{"start":{"line":19,"column":12},"end":{"line":19,"column":null}},"6":{"start":{"line":29,"column":0},"end":{"line":29,"column":24}}},"fnMap":{"0":{"name":"(anonymous_1)","decl":{"start":{"line":12,"column":29},"end":{"line":12,"column":30}},"loc":{"start":{"line":12,"column":53},"end":{"line":27,"column":1}}},"1":{"name":"(anonymous_2)","decl":{"start":{"line":18,"column":21},"end":{"line":18,"column":22}},"loc":{"start":{"line":19,"column":12},"end":{"line":19,"column":null}}}},"branchMap":{},"s":{"0":1,"1":1,"2":1,"3":0,"4":0,"5":0,"6":1},"f":{"0":0,"1":0},"b":{}}
,"C:\\Users\\NAZIMA\\rsschool-react-q4\\src\\components\\Error\\Error.tsx": {"path":"C:\\Users\\NAZIMA\\rsschool-react-q4\\src\\components\\Error\\Error.tsx","statementMap":{"0":{"start":{"line":1,"column":0},"end":{"line":1,"column":22}},"1":{"start":{"line":5,"column":18},"end":{"line":13,"column":1}},"2":{"start":{"line":6,"column":2},"end":{"line":12,"column":4}},"3":{"start":{"line":14,"column":0},"end":{"line":14,"column":21}}},"fnMap":{"0":{"name":"(anonymous_0)","decl":{"start":{"line":5,"column":18},"end":{"line":5,"column":21}},"loc":{"start":{"line":5,"column":23},"end":{"line":13,"column":1}}}},"branchMap":{},"s":{"0":1,"1":1,"2":1,"3":1},"f":{"0":1},"b":{}}
,"C:\\Users\\NAZIMA\\rsschool-react-q4\\src\\components\\ErrorBoundary\\ErrorBoundary.tsx": {"path":"C:\\Users\\NAZIMA\\rsschool-react-q4\\src\\components\\ErrorBoundary\\ErrorBoundary.tsx","statementMap":{"0":{"start":{"line":1,"column":0},"end":{"line":1,"column":56}},"1":{"start":{"line":14,"column":4},"end":{"line":14,"column":17}},"2":{"start":{"line":17,"column":9},"end":{"line":19,"column":null}},"3":{"start":{"line":15,"column":4},"end":{"line":15,"column":37}},"4":{"start":{"line":22,"column":4},"end":{"line":22,"column":30}},"5":{"start":{"line":26,"column":4},"end":{"line":30,"column":6}},"6":{"start":{"line":34,"column":4},"end":{"line":36,"column":null}},"7":{"start":{"line":35,"column":6},"end":{"line":35,"column":33}},"8":{"start":{"line":38,"column":4},"end":{"line":38,"column":31}},"9":{"start":{"line":42,"column":0},"end":{"line":42,"column":29}}},"fnMap":{"0":{"name":"(anonymous_0)","decl":{"start":{"line":13,"column":2},"end":{"line":13,"column":14}},"loc":{"start":{"line":13,"column":27},"end":{"line":16,"column":3}}},"1":{"name":"(anonymous_1)","decl":{"start":{"line":21,"column":2},"end":{"line":21,"column":8}},"loc":{"start":{"line":21,"column":33},"end":{"line":23,"column":3}}},"2":{"name":"(anonymous_2)","decl":{"start":{"line":25,"column":2},"end":{"line":25,"column":19}},"loc":{"start":{"line":25,"column":54},"end":{"line":31,"column":3}}},"3":{"name":"(anonymous_3)","decl":{"start":{"line":33,"column":2},"end":{"line":33,"column":8}},"loc":{"start":{"line":33,"column":8},"end":{"line":39,"column":3}}}},"branchMap":{"0":{"loc":{"start":{"line":34,"column":4},"end":{"line":36,"column":null}},"type":"if","locations":[{"start":{"line":34,"column":4},"end":{"line":36,"column":null}}]}},"s":{"0":1,"1":4,"2":3,"3":3,"4":2,"5":1,"6":5,"7":2,"8":3,"9":1},"f":{"0":4,"1":2,"2":1,"3":5},"b":{"0":[2]}}
,"C:\\Users\\NAZIMA\\rsschool-react-q4\\src\\components\\Pagination\\Pagination.tsx": {"path":"C:\\Users\\NAZIMA\\rsschool-react-q4\\src\\components\\Pagination\\Pagination.tsx","statementMap":{"0":{"start":{"line":1,"column":0},"end":{"line":1,"column":74}},"1":{"start":{"line":2,"column":0},"end":{"line":2,"column":27}},"2":{"start":{"line":10,"column":39},"end":{"line":114,"column":1}},"3":{"start":{"line":16,"column":28},"end":{"line":16,"column":39}},"4":{"start":{"line":17,"column":54},"end":{"line":17,"column":65}},"5":{"start":{"line":18,"column":54},"end":{"line":18,"column":65}},"6":{"start":{"line":20,"column":22},"end":{"line":23,"column":3}},"7":{"start":{"line":21,"column":19},"end":{"line":21,"column":46}},"8":{"start":{"line":22,"column":4},"end":{"line":22,"column":38}},"9":{"start":{"line":25,"column":16},"end":{"line":25,"column":18}},"10":{"start":{"line":26,"column":2},"end":{"line":30,"column":null}},"11":{"start":{"line":27,"column":4},"end":{"line":29,"column":null}},"12":{"start":{"line":27,"column":17},"end":{"line":27,"column":18}},"13":{"start":{"line":28,"column":6},"end":{"line":28,"column":20}},"14":{"start":{"line":32,"column":28},"end":{"line":49,"column":4}},"15":{"start":{"line":33,"column":4},"end":{"line":48,"column":null}},"16":{"start":{"line":34,"column":6},"end":{"line":45,"column":8}},"17":{"start":{"line":38,"column":30},"end":{"line":38,"column":48}},"18":{"start":{"line":47,"column":6},"end":{"line":47,"column":18}},"19":{"start":{"line":51,"column":24},"end":{"line":58,"column":3}},"20":{"start":{"line":52,"column":4},"end":{"line":52,"column":36}},"21":{"start":{"line":53,"column":4},"end":{"line":53,"column":40}},"22":{"start":{"line":54,"column":4},"end":{"line":57,"column":null}},"23":{"start":{"line":55,"column":6},"end":{"line":55,"column":66}},"24":{"start":{"line":56,"column":6},"end":{"line":56,"column":66}},"25":{"start":{"line":60,"column":24},"end":{"line":67,"column":3}},"26":{"start":{"line":61,"column":4},"end":{"line":61,"column":36}},"27":{"start":{"line":63,"column":4},"end":{"line":66,"column":null}},"28":{"start":{"line":64,"column":6},"end":{"line":64,"column":66}},"29":{"start":{"line":65,"column":6},"end":{"line":65,"column":66}},"30":{"start":{"line":69,"column":25},"end":{"line":69,"column":29}},"31":{"start":{"line":70,"column":2},"end":{"line":76,"column":null}},"32":{"start":{"line":71,"column":4},"end":{"line":75,"column":6}},"33":{"start":{"line":78,"column":25},"end":{"line":78,"column":29}},"34":{"start":{"line":79,"column":2},"end":{"line":85,"column":null}},"35":{"start":{"line":80,"column":4},"end":{"line":84,"column":6}},"36":{"start":{"line":87,"column":2},"end":{"line":89,"column":20}},"37":{"start":{"line":88,"column":4},"end":{"line":88,"column":39}},"38":{"start":{"line":90,"column":2},"end":{"line":113,"column":4}},"39":{"start":{"line":116,"column":0},"end":{"line":116,"column":26}}},"fnMap":{"0":{"name":"(anonymous_0)","decl":{"start":{"line":10,"column":39},"end":{"line":10,"column":40}},"loc":{"start":{"line":15,"column":5},"end":{"line":114,"column":1}}},"1":{"name":"(anonymous_1)","decl":{"start":{"line":20,"column":22},"end":{"line":20,"column":23}},"loc":{"start":{"line":20,"column":50},"end":{"line":23,"column":3}}},"2":{"name":"(anonymous_2)","decl":{"start":{"line":32,"column":38},"end":{"line":32,"column":39}},"loc":{"start":{"line":32,"column":49},"end":{"line":49,"column":3}}},"3":{"name":"(anonymous_3)","decl":{"start":{"line":38,"column":19},"end":{"line":38,"column":20}},"loc":{"start":{"line":38,"column":30},"end":{"line":38,"column":48}}},"4":{"name":"(anonymous_4)","decl":{"start":{"line":51,"column":24},"end":{"line":51,"column":27}},"loc":{"start":{"line":51,"column":29},"end":{"line":58,"column":3}}},"5":{"name":"(anonymous_5)","decl":{"start":{"line":60,"column":24},"end":{"line":60,"column":27}},"loc":{"start":{"line":60,"column":29},"end":{"line":67,"column":3}}},"6":{"name":"(anonymous_6)","decl":{"start":{"line":87,"column":12},"end":{"line":87,"column":15}},"loc":{"start":{"line":87,"column":17},"end":{"line":89,"column":3}}}},"branchMap":{"0":{"loc":{"start":{"line":26,"column":2},"end":{"line":30,"column":null}},"type":"if","locations":[{"start":{"line":26,"column":2},"end":{"line":30,"column":null}}]},"1":{"loc":{"start":{"line":33,"column":4},"end":{"line":48,"column":null}},"type":"if","locations":[{"start":{"line":33,"column":4},"end":{"line":48,"column":null}},{"start":{"line":46,"column":11},"end":{"line":48,"column":null}}]},"2":{"loc":{"start":{"line":33,"column":8},"end":{"line":33,"column":70}},"type":"binary-expr","locations":[{"start":{"line":33,"column":8},"end":{"line":33,"column":39}},{"start":{"line":33,"column":43},"end":{"line":33,"column":70}}]},"3":{"loc":{"start":{"line":40,"column":12},"end":{"line":40,"column":null}},"type":"cond-expr","locations":[{"start":{"line":40,"column":36},"end":{"line":40,"column":44}},{"start":{"line":40,"column":47},"end":{"line":40,"column":null}}]},"4":{"loc":{"start":{"line":54,"column":4},"end":{"line":57,"column":null}},"type":"if","locations":[{"start":{"line":54,"column":4},"end":{"line":57,"column":null}}]},"5":{"loc":{"start":{"line":63,"column":4},"end":{"line":66,"column":null}},"type":"if","locations":[{"start":{"line":63,"column":4},"end":{"line":66,"column":null}}]},"6":{"loc":{"start":{"line":70,"column":2},"end":{"line":76,"column":null}},"type":"if","locations":[{"start":{"line":70,"column":2},"end":{"line":76,"column":null}}]},"7":{"loc":{"start":{"line":79,"column":2},"end":{"line":85,"column":null}},"type":"if","locations":[{"start":{"line":79,"column":2},"end":{"line":85,"column":null}}]},"8":{"loc":{"start":{"line":95,"column":20},"end":{"line":95,"column":58}},"type":"cond-expr","locations":[{"start":{"line":95,"column":46},"end":{"line":95,"column":50}},{"start":{"line":95,"column":53},"end":{"line":95,"column":58}}]},"9":{"loc":{"start":{"line":107,"column":20},"end":{"line":107,"column":73}},"type":"cond-expr","locations":[{"start":{"line":107,"column":61},"end":{"line":107,"column":65}},{"start":{"line":107,"column":68},"end":{"line":107,"column":73}}]}},"s":{"0":2,"1":2,"2":2,"3":6,"4":6,"5":6,"6":6,"7":0,"8":0,"9":6,"10":6,"11":3,"12":3,"13":15,"14":6,"15":15,"16":15,"17":0,"18":0,"19":6,"20":0,"21":0,"22":0,"23":0,"24":0,"25":6,"26":0,"27":0,"28":0,"29":0,"30":6,"31":6,"32":0,"33":6,"34":6,"35":0,"36":6,"37":4,"38":6,"39":2},"f":{"0":6,"1":0,"2":15,"3":0,"4":0,"5":0,"6":4},"b":{"0":[3],"1":[15,0],"2":[15,15],"3":[3,12],"4":[0],"5":[0],"6":[0],"7":[0],"8":[2,4],"9":[0,6]}}
,"C:\\Users\\NAZIMA\\rsschool-react-q4\\src\\components\\Search\\SearchBar.tsx": {"path":"C:\\Users\\NAZIMA\\rsschool-react-q4\\src\\components\\Search\\SearchBar.tsx","statementMap":{"0":{"start":{"line":1,"column":0},"end":{"line":1,"column":26}},"1":{"start":{"line":3,"column":0},"end":{"line":3,"column":42}},"2":{"start":{"line":4,"column":0},"end":{"line":4,"column":67}},"3":{"start":{"line":5,"column":0},"end":{"line":5,"column":47}},"4":{"start":{"line":11,"column":30},"end":{"line":56,"column":1}},"5":{"start":{"line":12,"column":19},"end":{"line":12,"column":35}},"6":{"start":{"line":13,"column":25},"end":{"line":13,"column":71}},"7":{"start":{"line":13,"column":51},"end":{"line":13,"column":70}},"8":{"start":{"line":15,"column":40},"end":{"line":15,"column":60}},"9":{"start":{"line":17,"column":24},"end":{"line":20,"column":3}},"10":{"start":{"line":18,"column":4},"end":{"line":18,"column":27}},"11":{"start":{"line":19,"column":4},"end":{"line":19,"column":39}},"12":{"start":{"line":22,"column":20},"end":{"line":28,"column":3}},"13":{"start":{"line":23,"column":4},"end":{"line":27,"column":null}},"14":{"start":{"line":24,"column":6},"end":{"line":24,"column":29}},"15":{"start":{"line":25,"column":6},"end":{"line":25,"column":28}},"16":{"start":{"line":26,"column":6},"end":{"line":26,"column":34}},"17":{"start":{"line":30,"column":19},"end":{"line":34,"column":3}},"18":{"start":{"line":31,"column":4},"end":{"line":31,"column":27}},"19":{"start":{"line":32,"column":4},"end":{"line":32,"column":26}},"20":{"start":{"line":33,"column":4},"end":{"line":33,"column":32}},"21":{"start":{"line":36,"column":2},"end":{"line":55,"column":4}},"22":{"start":{"line":58,"column":0},"end":{"line":58,"column":25}}},"fnMap":{"0":{"name":"(anonymous_0)","decl":{"start":{"line":11,"column":30},"end":{"line":11,"column":31}},"loc":{"start":{"line":11,"column":47},"end":{"line":56,"column":1}}},"1":{"name":"(anonymous_1)","decl":{"start":{"line":13,"column":40},"end":{"line":13,"column":41}},"loc":{"start":{"line":13,"column":51},"end":{"line":13,"column":70}}},"2":{"name":"(anonymous_2)","decl":{"start":{"line":17,"column":24},"end":{"line":17,"column":25}},"loc":{"start":{"line":17,"column":71},"end":{"line":20,"column":3}}},"3":{"name":"(anonymous_3)","decl":{"start":{"line":22,"column":20},"end":{"line":22,"column":21}},"loc":{"start":{"line":22,"column":69},"end":{"line":28,"column":3}}},"4":{"name":"(anonymous_4)","decl":{"start":{"line":30,"column":19},"end":{"line":30,"column":20}},"loc":{"start":{"line":30,"column":51},"end":{"line":34,"column":3}}}},"branchMap":{"0":{"loc":{"start":{"line":23,"column":4},"end":{"line":27,"column":null}},"type":"if","locations":[{"start":{"line":23,"column":4},"end":{"line":27,"column":null}}]}},"s":{"0":2,"1":2,"2":2,"3":2,"4":2,"5":6,"6":6,"7":14,"8":6,"9":6,"10":0,"11":0,"12":6,"13":1,"14":1,"15":1,"16":1,"17":6,"18":0,"19":0,"20":0,"21":6,"22":2},"f":{"0":6,"1":14,"2":0,"3":1,"4":0},"b":{"0":[1]}}
,"C:\\Users\\NAZIMA\\rsschool-react-q4\\src\\components\\ThrowErrorBtn\\ThrowErrorBtn.tsx": {"path":"C:\\Users\\NAZIMA\\rsschool-react-q4\\src\\components\\ThrowErrorBtn\\ThrowErrorBtn.tsx","statementMap":{"0":{"start":{"line":1,"column":0},"end":{"line":1,"column":30}},"1":{"start":{"line":2,"column":0},"end":{"line":2,"column":53}},"2":{"start":{"line":4,"column":26},"end":{"line":22,"column":1}},"3":{"start":{"line":5,"column":34},"end":{"line":5,"column":58}},"4":{"start":{"line":7,"column":18},"end":{"line":9,"column":3}},"5":{"start":{"line":8,"column":4},"end":{"line":8,"column":22}},"6":{"start":{"line":11,"column":2},"end":{"line":15,"column":17}},"7":{"start":{"line":12,"column":4},"end":{"line":14,"column":null}},"8":{"start":{"line":13,"column":6},"end":{"line":13,"column":46}},"9":{"start":{"line":17,"column":2},"end":{"line":21,"column":4}},"10":{"start":{"line":24,"column":0},"end":{"line":24,"column":29}}},"fnMap":{"0":{"name":"(anonymous_0)","decl":{"start":{"line":4,"column":26},"end":{"line":4,"column":29}},"loc":{"start":{"line":4,"column":31},"end":{"line":22,"column":1}}},"1":{"name":"(anonymous_1)","decl":{"start":{"line":7,"column":18},"end":{"line":7,"column":21}},"loc":{"start":{"line":7,"column":23},"end":{"line":9,"column":3}}},"2":{"name":"(anonymous_2)","decl":{"start":{"line":11,"column":12},"end":{"line":11,"column":15}},"loc":{"start":{"line":11,"column":17},"end":{"line":15,"column":3}}}},"branchMap":{"0":{"loc":{"start":{"line":12,"column":4},"end":{"line":14,"column":null}},"type":"if","locations":[{"start":{"line":12,"column":4},"end":{"line":14,"column":null}}]}},"s":{"0":1,"1":1,"2":1,"3":3,"4":3,"5":0,"6":3,"7":1,"8":0,"9":3,"10":1},"f":{"0":3,"1":0,"2":1},"b":{"0":[0]}}
,"C:\\Users\\NAZIMA\\rsschool-react-q4\\src\\pages\\home\\Home.tsx": {"path":"C:\\Users\\NAZIMA\\rsschool-react-q4\\src\\pages\\home\\Home.tsx","statementMap":{"0":{"start":{"line":1,"column":0},"end":{"line":1,"column":21}},"1":{"start":{"line":3,"column":0},"end":{"line":3,"column":37}},"2":{"start":{"line":4,"column":0},"end":{"line":4,"column":55}},"3":{"start":{"line":6,"column":0},"end":{"line":6,"column":58}},"4":{"start":{"line":7,"column":0},"end":{"line":7,"column":58}},"5":{"start":{"line":8,"column":0},"end":{"line":8,"column":73}},"6":{"start":{"line":9,"column":0},"end":{"line":9,"column":64}},"7":{"start":{"line":10,"column":0},"end":{"line":10,"column":61}},"8":{"start":{"line":11,"column":0},"end":{"line":11,"column":51}},"9":{"start":{"line":13,"column":13},"end":{"line":13,"column":68}},"10":{"start":{"line":15,"column":17},"end":{"line":78,"column":1}},"11":{"start":{"line":16,"column":40},"end":{"line":16,"column":51}},"12":{"start":{"line":17,"column":25},"end":{"line":17,"column":71}},"13":{"start":{"line":17,"column":51},"end":{"line":17,"column":70}},"14":{"start":{"line":18,"column":39},"end":{"line":21,"column":4}},"15":{"start":{"line":23,"column":34},"end":{"line":23,"column":46}},"16":{"start":{"line":25,"column":19},"end":{"line":25,"column":32}},"17":{"start":{"line":27,"column":32},"end":{"line":41,"column":3}},"18":{"start":{"line":28,"column":4},"end":{"line":35,"column":null}},"19":{"start":{"line":29,"column":6},"end":{"line":32,"column":9}},"20":{"start":{"line":33,"column":6},"end":{"line":33,"column":22}},"21":{"start":{"line":34,"column":6},"end":{"line":34,"column":13}},"22":{"start":{"line":36,"column":4},"end":{"line":39,"column":7}},"23":{"start":{"line":40,"column":4},"end":{"line":40,"column":59}},"24":{"start":{"line":43,"column":2},"end":{"line":45,"column":null}},"25":{"start":{"line":44,"column":4},"end":{"line":44,"column":51}},"26":{"start":{"line":47,"column":2},"end":{"line":77,"column":4}},"27":{"start":{"line":51,"column":35},"end":{"line":51,"column":69}},"28":{"start":{"line":80,"column":0},"end":{"line":80,"column":20}}},"fnMap":{"0":{"name":"(anonymous_1)","decl":{"start":{"line":15,"column":17},"end":{"line":15,"column":20}},"loc":{"start":{"line":15,"column":22},"end":{"line":78,"column":1}}},"1":{"name":"(anonymous_2)","decl":{"start":{"line":17,"column":40},"end":{"line":17,"column":41}},"loc":{"start":{"line":17,"column":51},"end":{"line":17,"column":70}}},"2":{"name":"(anonymous_3)","decl":{"start":{"line":27,"column":32},"end":{"line":27,"column":33}},"loc":{"start":{"line":27,"column":56},"end":{"line":41,"column":3}}},"3":{"name":"(anonymous_4)","decl":{"start":{"line":51,"column":29},"end":{"line":51,"column":32}},"loc":{"start":{"line":51,"column":35},"end":{"line":51,"column":69}}}},"branchMap":{"0":{"loc":{"start":{"line":28,"column":4},"end":{"line":35,"column":null}},"type":"if","locations":[{"start":{"line":28,"column":4},"end":{"line":35,"column":null}}]},"1":{"loc":{"start":{"line":28,"column":8},"end":{"line":28,"column":46}},"type":"binary-expr","locations":[{"start":{"line":28,"column":8},"end":{"line":28,"column":25}},{"start":{"line":28,"column":29},"end":{"line":28,"column":46}}]},"2":{"loc":{"start":{"line":43,"column":2},"end":{"line":45,"column":null}},"type":"if","locations":[{"start":{"line":43,"column":2},"end":{"line":45,"column":null}}]},"3":{"loc":{"start":{"line":54,"column":9},"end":{"line":54,"column":59}},"type":"binary-expr","locations":[{"start":{"line":54,"column":9},"end":{"line":54,"column":18}},{"start":{"line":54,"column":22},"end":{"line":54,"column":59}}]},"4":{"loc":{"start":{"line":57,"column":13},"end":{"line":58,"column":null}},"type":"binary-expr","locations":[{"start":{"line":57,"column":13},"end":{"line":57,"column":26}},{"start":{"line":58,"column":14},"end":{"line":58,"column":68}}]}},"s":{"0":1,"1":1,"2":1,"3":1,"4":1,"5":1,"6":1,"7":1,"8":1,"9":1,"10":1,"11":5,"12":4,"13":9,"14":4,"15":4,"16":4,"17":4,"18":1,"19":1,"20":1,"21":1,"22":0,"23":0,"24":4,"25":1,"26":3,"27":0,"28":1},"f":{"0":5,"1":9,"2":1,"3":0},"b":{"0":[1],"1":[1,1],"2":[1],"3":[3,3],"4":[3,0]}}
,"C:\\Users\\NAZIMA\\rsschool-react-q4\\src\\store\\cardListSlice.ts": {"path":"C:\\Users\\NAZIMA\\rsschool-react-q4\\src\\store\\cardListSlice.ts","statementMap":{"0":{"start":{"line":1,"column":0},"end":{"line":1,"column":73}},"1":{"start":{"line":34,"column":13},"end":{"line":56,"column":3}},"2":{"start":{"line":39,"column":25},"end":{"line":54,"column":4}},"3":{"start":{"line":41,"column":47},"end":{"line":47,"column":8}},"4":{"start":{"line":50,"column":26},"end":{"line":52,"column":8}},"5":{"start":{"line":59,"column":15},"end":{"line":59,"column":60}}},"fnMap":{"0":{"name":"(anonymous_0)","decl":{"start":{"line":39,"column":13},"end":{"line":39,"column":14}},"loc":{"start":{"line":39,"column":25},"end":{"line":54,"column":4}}},"1":{"name":"(anonymous_1)","decl":{"start":{"line":41,"column":13},"end":{"line":41,"column":14}},"loc":{"start":{"line":41,"column":47},"end":{"line":47,"column":8}}},"2":{"name":"(anonymous_2)","decl":{"start":{"line":50,"column":13},"end":{"line":50,"column":14}},"loc":{"start":{"line":50,"column":26},"end":{"line":52,"column":8}}}},"branchMap":{},"s":{"0":2,"1":2,"2":2,"3":1,"4":0,"5":2},"f":{"0":2,"1":1,"2":0},"b":{}}
,"C:\\Users\\NAZIMA\\rsschool-react-q4\\src\\store\\hooks.ts": {"path":"C:\\Users\\NAZIMA\\rsschool-react-q4\\src\\store\\hooks.ts","statementMap":{"0":{"start":{"line":1,"column":0},"end":{"line":1,"column":77}},"1":{"start":{"line":4,"column":30},"end":{"line":4,"column":62}},"2":{"start":{"line":4,"column":36},"end":{"line":4,"column":62}},"3":{"start":{"line":4,"column":13},"end":{"line":4,"column":30}},"4":{"start":{"line":5,"column":13},"end":{"line":5,"column":75}}},"fnMap":{"0":{"name":"(anonymous_0)","decl":{"start":{"line":4,"column":30},"end":{"line":4,"column":33}},"loc":{"start":{"line":4,"column":36},"end":{"line":4,"column":62}}}},"branchMap":{},"s":{"0":2,"1":2,"2":6,"3":2,"4":2},"f":{"0":6},"b":{}}
,"C:\\Users\\NAZIMA\\rsschool-react-q4\\src\\store\\loadingsSlice.ts": {"path":"C:\\Users\\NAZIMA\\rsschool-react-q4\\src\\store\\loadingsSlice.ts","statementMap":{"0":{"start":{"line":1,"column":0},"end":{"line":1,"column":47}},"1":{"start":{"line":8,"column":13},"end":{"line":23,"column":3}},"2":{"start":{"line":16,"column":6},"end":{"line":16,"column":38}},"3":{"start":{"line":19,"column":6},"end":{"line":19,"column":40}}},"fnMap":{"0":{"name":"(anonymous_0)","decl":{"start":{"line":15,"column":24},"end":{"line":15,"column":25}},"loc":{"start":{"line":15,"column":47},"end":{"line":17,"column":5}}},"1":{"name":"(anonymous_1)","decl":{"start":{"line":18,"column":26},"end":{"line":18,"column":27}},"loc":{"start":{"line":18,"column":49},"end":{"line":20,"column":5}}}},"branchMap":{},"s":{"0":0,"1":0,"2":0,"3":0},"f":{"0":0,"1":0},"b":{}}
,"C:\\Users\\NAZIMA\\rsschool-react-q4\\src\\store\\searchSlice.ts": {"path":"C:\\Users\\NAZIMA\\rsschool-react-q4\\src\\store\\searchSlice.ts","statementMap":{"0":{"start":{"line":1,"column":0},"end":{"line":1,"column":62}},"1":{"start":{"line":8,"column":29},"end":{"line":12,"column":null}},"2":{"start":{"line":13,"column":13},"end":{"line":22,"column":3}},"3":{"start":{"line":18,"column":6},"end":{"line":18,"column":40}},"4":{"start":{"line":19,"column":6},"end":{"line":19,"column":57}},"5":{"start":{"line":24,"column":15},"end":{"line":24,"column":44}},"6":{"start":{"line":25,"column":30},"end":{"line":25,"column":71}},"7":{"start":{"line":25,"column":52},"end":{"line":25,"column":71}},"8":{"start":{"line":25,"column":13},"end":{"line":25,"column":30}},"9":{"start":{"line":26,"column":0},"end":{"line":26,"column":35}}},"fnMap":{"0":{"name":"(anonymous_0)","decl":{"start":{"line":17,"column":10},"end":{"line":17,"column":11}},"loc":{"start":{"line":17,"column":51},"end":{"line":20,"column":5}}},"1":{"name":"(anonymous_1)","decl":{"start":{"line":25,"column":30},"end":{"line":25,"column":31}},"loc":{"start":{"line":25,"column":52},"end":{"line":25,"column":71}}}},"branchMap":{"0":{"loc":{"start":{"line":9,"column":14},"end":{"line":9,"column":54}},"type":"binary-expr","locations":[{"start":{"line":9,"column":14},"end":{"line":9,"column":48}},{"start":{"line":9,"column":52},"end":{"line":9,"column":54}}]}},"s":{"0":3,"1":3,"2":3,"3":2,"4":2,"5":3,"6":3,"7":0,"8":3,"9":3},"f":{"0":2,"1":0},"b":{"0":[3,3]}}
}
