{"C:\\Users\\NAZIMA\\rsschool-react-q4\\src\\App.tsx": {"path":"C:\\Users\\NAZIMA\\rsschool-react-q4\\src\\App.tsx","statementMap":{"0":{"start":{"line":2,"column":0},"end":{"line":2,"column":49}},"1":{"start":{"line":4,"column":0},"end":{"line":4,"column":37}},"2":{"start":{"line":5,"column":0},"end":{"line":5,"column":60}},"3":{"start":{"line":7,"column":16},"end":{"line":15,"column":1}},"4":{"start":{"line":8,"column":2},"end":{"line":14,"column":4}},"5":{"start":{"line":17,"column":0},"end":{"line":17,"column":19}}},"fnMap":{"0":{"name":"(anonymous_1)","decl":{"start":{"line":7,"column":16},"end":{"line":7,"column":19}},"loc":{"start":{"line":7,"column":21},"end":{"line":15,"column":1}}}},"branchMap":{},"s":{"0":0,"1":0,"2":0,"3":0,"4":0,"5":0},"f":{"0":0},"b":{}}
,"C:\\Users\\NAZIMA\\rsschool-react-q4\\src\\main.tsx": {"path":"C:\\Users\\NAZIMA\\rsschool-react-q4\\src\\main.tsx","statementMap":{"0":{"start":{"line":1,"column":0},"end":{"line":1,"column":26}},"1":{"start":{"line":2,"column":0},"end":{"line":2,"column":40}},"2":{"start":{"line":3,"column":0},"end":{"line":3,"column":28}},"3":{"start":{"line":4,"column":0},"end":{"line":4,"column":29}},"4":{"start":{"line":5,"column":0},"end":{"line":5,"column":73}},"5":{"start":{"line":6,"column":0},"end":{"line":6,"column":49}},"6":{"start":{"line":7,"column":0},"end":{"line":7,"column":49}},"7":{"start":{"line":8,"column":0},"end":{"line":8,"column":68}},"8":{"start":{"line":9,"column":0},"end":{"line":9,"column":72}},"9":{"start":{"line":11,"column":0},"end":{"line":23,"column":2}}},"fnMap":{},"branchMap":{},"s":{"0":0,"1":0,"2":0,"3":0,"4":0,"5":0,"6":0,"7":0,"8":0,"9":0},"f":{},"b":{}}
,"C:\\Users\\NAZIMA\\rsschool-react-q4\\src\\components\\Card\\Card.tsx": {"path":"C:\\Users\\NAZIMA\\rsschool-react-q4\\src\\components\\Card\\Card.tsx","statementMap":{"0":{"start":{"line":1,"column":0},"end":{"line":1,"column":21}},"1":{"start":{"line":5,"column":0},"end":{"line":5,"column":47}},"2":{"start":{"line":11,"column":27},"end":{"line":36,"column":1}},"3":{"start":{"line":12,"column":19},"end":{"line":12,"column":32}},"4":{"start":{"line":14,"column":22},"end":{"line":21,"column":3}},"5":{"start":{"line":20,"column":4},"end":{"line":20,"column":65}},"6":{"start":{"line":23,"column":2},"end":{"line":35,"column":4}},"7":{"start":{"line":38,"column":0},"end":{"line":38,"column":20}}},"fnMap":{"0":{"name":"(anonymous_0)","decl":{"start":{"line":11,"column":27},"end":{"line":11,"column":28}},"loc":{"start":{"line":11,"column":50},"end":{"line":36,"column":1}}},"1":{"name":"(anonymous_1)","decl":{"start":{"line":14,"column":22},"end":{"line":14,"column":25}},"loc":{"start":{"line":14,"column":27},"end":{"line":21,"column":3}}}},"branchMap":{},"s":{"0":0,"1":0,"2":0,"3":0,"4":0,"5":0,"6":0,"7":0},"f":{"0":0,"1":0},"b":{}}
,"C:\\Users\\NAZIMA\\rsschool-react-q4\\src\\components\\CardDetail\\CardDetail.tsx": {"path":"C:\\Users\\NAZIMA\\rsschool-react-q4\\src\\components\\CardDetail\\CardDetail.tsx","statementMap":{"0":{"start":{"line":1,"column":0},"end":{"line":1,"column":27}},"1":{"start":{"line":3,"column":0},"end":{"line":3,"column":48}},"2":{"start":{"line":4,"column":0},"end":{"line":4,"column":60}},"3":{"start":{"line":5,"column":0},"end":{"line":5,"column":49}},"4":{"start":{"line":27,"column":23},"end":{"line":97,"column":1}},"5":{"start":{"line":28,"column":19},"end":{"line":28,"column":32}},"6":{"start":{"line":29,"column":30},"end":{"line":29,"column":43}},"7":{"start":{"line":31,"column":13},"end":{"line":31,"column":44}},"8":{"start":{"line":33,"column":36},"end":{"line":33,"column":51}},"9":{"start":{"line":34,"column":24},"end":{"line":34,"column":36}},"10":{"start":{"line":36,"column":30},"end":{"line":36,"column":67}},"11":{"start":{"line":38,"column":20},"end":{"line":54,"column":3}},"12":{"start":{"line":39,"column":4},"end":{"line":39,"column":23}},"13":{"start":{"line":40,"column":4},"end":{"line":40,"column":20}},"14":{"start":{"line":41,"column":4},"end":{"line":41,"column":15}},"15":{"start":{"line":42,"column":26},"end":{"line":42,"column":42}},"16":{"start":{"line":44,"column":17},"end":{"line":44,"column":33}},"17":{"start":{"line":45,"column":4},"end":{"line":50,"column":null}},"18":{"start":{"line":46,"column":6},"end":{"line":46,"column":26}},"19":{"start":{"line":47,"column":6},"end":{"line":47,"column":22}},"20":{"start":{"line":48,"column":6},"end":{"line":48,"column":25}},"21":{"start":{"line":49,"column":6},"end":{"line":49,"column":13}},"22":{"start":{"line":51,"column":4},"end":{"line":51,"column":24}},"23":{"start":{"line":52,"column":4},"end":{"line":52,"column":20}},"24":{"start":{"line":53,"column":4},"end":{"line":53,"column":15}},"25":{"start":{"line":56,"column":2},"end":{"line":58,"column":11}},"26":{"start":{"line":57,"column":4},"end":{"line":57,"column":35}},"27":{"start":{"line":60,"column":22},"end":{"line":65,"column":3}},"28":{"start":{"line":61,"column":4},"end":{"line":64,"column":7}},"29":{"start":{"line":66,"column":2},"end":{"line":96,"column":4}},"30":{"start":{"line":99,"column":0},"end":{"line":99,"column":26}}},"fnMap":{"0":{"name":"(anonymous_0)","decl":{"start":{"line":27,"column":23},"end":{"line":27,"column":26}},"loc":{"start":{"line":27,"column":28},"end":{"line":97,"column":1}}},"1":{"name":"(anonymous_1)","decl":{"start":{"line":38,"column":20},"end":{"line":38,"column":25}},"loc":{"start":{"line":38,"column":42},"end":{"line":54,"column":3}}},"2":{"name":"(anonymous_2)","decl":{"start":{"line":56,"column":12},"end":{"line":56,"column":15}},"loc":{"start":{"line":56,"column":17},"end":{"line":58,"column":3}}},"3":{"name":"(anonymous_3)","decl":{"start":{"line":60,"column":22},"end":{"line":60,"column":25}},"loc":{"start":{"line":60,"column":27},"end":{"line":65,"column":3}}}},"branchMap":{"0":{"loc":{"start":{"line":45,"column":4},"end":{"line":50,"column":null}},"type":"if","locations":[{"start":{"line":45,"column":4},"end":{"line":50,"column":null}}]},"1":{"loc":{"start":{"line":68,"column":7},"end":{"line":68,"column":57}},"type":"binary-expr","locations":[{"start":{"line":68,"column":7},"end":{"line":68,"column":16}},{"start":{"line":68,"column":20},"end":{"line":68,"column":57}}]},"2":{"loc":{"start":{"line":69,"column":7},"end":{"line":69,"column":46}},"type":"binary-expr","locations":[{"start":{"line":69,"column":7},"end":{"line":69,"column":10}},{"start":{"line":69,"column":14},"end":{"line":69,"column":46}}]},"3":{"loc":{"start":{"line":70,"column":7},"end":{"line":88,"column":null}},"type":"binary-expr","locations":[{"start":{"line":70,"column":7},"end":{"line":70,"column":13}},{"start":{"line":71,"column":8},"end":{"line":87,"column":null}}]},"4":{"loc":{"start":{"line":90,"column":7},"end":{"line":93,"column":null}},"type":"binary-expr","locations":[{"start":{"line":90,"column":7},"end":{"line":90,"column":17}},{"start":{"line":91,"column":8},"end":{"line":92,"column":null}}]}},"s":{"0":0,"1":0,"2":0,"3":0,"4":0,"5":0,"6":0,"7":0,"8":0,"9":0,"10":0,"11":0,"12":0,"13":0,"14":0,"15":0,"16":0,"17":0,"18":0,"19":0,"20":0,"21":0,"22":0,"23":0,"24":0,"25":0,"26":0,"27":0,"28":0,"29":0,"30":0},"f":{"0":0,"1":0,"2":0,"3":0},"b":{"0":[0],"1":[0,0],"2":[0,0],"3":[0,0],"4":[0,0]}}
,"C:\\Users\\NAZIMA\\rsschool-react-q4\\src\\components\\CardList\\CardList.tsx": {"path":"C:\\Users\\NAZIMA\\rsschool-react-q4\\src\\components\\CardList\\CardList.tsx","statementMap":{"0":{"start":{"line":1,"column":0},"end":{"line":1,"column":25}},"1":{"start":{"line":4,"column":0},"end":{"line":4,"column":32}},"2":{"start":{"line":12,"column":29},"end":{"line":26,"column":1}},"3":{"start":{"line":13,"column":2},"end":{"line":25,"column":4}},"4":{"start":{"line":18,"column":12},"end":{"line":18,"column":null}},"5":{"start":{"line":28,"column":0},"end":{"line":28,"column":24}}},"fnMap":{"0":{"name":"(anonymous_1)","decl":{"start":{"line":12,"column":29},"end":{"line":12,"column":30}},"loc":{"start":{"line":12,"column":53},"end":{"line":26,"column":1}}},"1":{"name":"(anonymous_2)","decl":{"start":{"line":17,"column":21},"end":{"line":17,"column":22}},"loc":{"start":{"line":18,"column":12},"end":{"line":18,"column":null}}}},"branchMap":{},"s":{"0":0,"1":0,"2":0,"3":0,"4":0,"5":0},"f":{"0":0,"1":0},"b":{}}
,"C:\\Users\\NAZIMA\\rsschool-react-q4\\src\\components\\Error\\Error.tsx": {"path":"C:\\Users\\NAZIMA\\rsschool-react-q4\\src\\components\\Error\\Error.tsx","statementMap":{"0":{"start":{"line":1,"column":0},"end":{"line":1,"column":22}},"1":{"start":{"line":5,"column":18},"end":{"line":13,"column":1}},"2":{"start":{"line":6,"column":2},"end":{"line":12,"column":4}},"3":{"start":{"line":14,"column":0},"end":{"line":14,"column":21}}},"fnMap":{"0":{"name":"(anonymous_0)","decl":{"start":{"line":5,"column":18},"end":{"line":5,"column":21}},"loc":{"start":{"line":5,"column":23},"end":{"line":13,"column":1}}}},"branchMap":{},"s":{"0":0,"1":0,"2":0,"3":0},"f":{"0":0},"b":{}}
,"C:\\Users\\NAZIMA\\rsschool-react-q4\\src\\components\\ErrorBoundary\\ErrorBoundary.tsx": {"path":"C:\\Users\\NAZIMA\\rsschool-react-q4\\src\\components\\ErrorBoundary\\ErrorBoundary.tsx","statementMap":{"0":{"start":{"line":1,"column":0},"end":{"line":1,"column":56}},"1":{"start":{"line":14,"column":4},"end":{"line":14,"column":17}},"2":{"start":{"line":17,"column":9},"end":{"line":19,"column":null}},"3":{"start":{"line":15,"column":4},"end":{"line":15,"column":37}},"4":{"start":{"line":22,"column":4},"end":{"line":22,"column":30}},"5":{"start":{"line":26,"column":4},"end":{"line":26,"column":55}},"6":{"start":{"line":30,"column":4},"end":{"line":32,"column":null}},"7":{"start":{"line":31,"column":6},"end":{"line":31,"column":33}},"8":{"start":{"line":34,"column":4},"end":{"line":34,"column":31}},"9":{"start":{"line":38,"column":0},"end":{"line":38,"column":29}}},"fnMap":{"0":{"name":"(anonymous_0)","decl":{"start":{"line":13,"column":2},"end":{"line":13,"column":14}},"loc":{"start":{"line":13,"column":27},"end":{"line":16,"column":3}}},"1":{"name":"(anonymous_1)","decl":{"start":{"line":21,"column":2},"end":{"line":21,"column":8}},"loc":{"start":{"line":21,"column":33},"end":{"line":23,"column":3}}},"2":{"name":"(anonymous_2)","decl":{"start":{"line":25,"column":2},"end":{"line":25,"column":19}},"loc":{"start":{"line":25,"column":54},"end":{"line":27,"column":3}}},"3":{"name":"(anonymous_3)","decl":{"start":{"line":29,"column":2},"end":{"line":29,"column":8}},"loc":{"start":{"line":29,"column":8},"end":{"line":35,"column":3}}}},"branchMap":{"0":{"loc":{"start":{"line":30,"column":4},"end":{"line":32,"column":null}},"type":"if","locations":[{"start":{"line":30,"column":4},"end":{"line":32,"column":null}}]}},"s":{"0":0,"1":0,"2":0,"3":0,"4":0,"5":0,"6":0,"7":0,"8":0,"9":0},"f":{"0":0,"1":0,"2":0,"3":0},"b":{"0":[0]}}
,"C:\\Users\\NAZIMA\\rsschool-react-q4\\src\\components\\Pagination\\Pagination.tsx": {"path":"C:\\Users\\NAZIMA\\rsschool-react-q4\\src\\components\\Pagination\\Pagination.tsx","statementMap":{"0":{"start":{"line":1,"column":0},"end":{"line":1,"column":74}},"1":{"start":{"line":2,"column":0},"end":{"line":2,"column":27}},"2":{"start":{"line":10,"column":39},"end":{"line":117,"column":1}},"3":{"start":{"line":18,"column":28},"end":{"line":18,"column":39}},"4":{"start":{"line":19,"column":54},"end":{"line":19,"column":65}},"5":{"start":{"line":20,"column":54},"end":{"line":20,"column":65}},"6":{"start":{"line":22,"column":22},"end":{"line":25,"column":3}},"7":{"start":{"line":23,"column":19},"end":{"line":23,"column":46}},"8":{"start":{"line":24,"column":4},"end":{"line":24,"column":38}},"9":{"start":{"line":27,"column":16},"end":{"line":27,"column":18}},"10":{"start":{"line":28,"column":2},"end":{"line":30,"column":null}},"11":{"start":{"line":28,"column":15},"end":{"line":28,"column":16}},"12":{"start":{"line":29,"column":4},"end":{"line":29,"column":18}},"13":{"start":{"line":35,"column":28},"end":{"line":52,"column":4}},"14":{"start":{"line":36,"column":4},"end":{"line":51,"column":null}},"15":{"start":{"line":37,"column":6},"end":{"line":48,"column":8}},"16":{"start":{"line":41,"column":30},"end":{"line":41,"column":48}},"17":{"start":{"line":50,"column":6},"end":{"line":50,"column":18}},"18":{"start":{"line":54,"column":24},"end":{"line":61,"column":3}},"19":{"start":{"line":55,"column":4},"end":{"line":55,"column":36}},"20":{"start":{"line":56,"column":4},"end":{"line":56,"column":40}},"21":{"start":{"line":57,"column":4},"end":{"line":60,"column":null}},"22":{"start":{"line":58,"column":6},"end":{"line":58,"column":66}},"23":{"start":{"line":59,"column":6},"end":{"line":59,"column":66}},"24":{"start":{"line":63,"column":24},"end":{"line":70,"column":3}},"25":{"start":{"line":64,"column":4},"end":{"line":64,"column":36}},"26":{"start":{"line":66,"column":4},"end":{"line":69,"column":null}},"27":{"start":{"line":67,"column":6},"end":{"line":67,"column":66}},"28":{"start":{"line":68,"column":6},"end":{"line":68,"column":66}},"29":{"start":{"line":72,"column":25},"end":{"line":72,"column":29}},"30":{"start":{"line":73,"column":2},"end":{"line":79,"column":null}},"31":{"start":{"line":74,"column":4},"end":{"line":78,"column":6}},"32":{"start":{"line":81,"column":25},"end":{"line":81,"column":29}},"33":{"start":{"line":82,"column":2},"end":{"line":88,"column":null}},"34":{"start":{"line":83,"column":4},"end":{"line":87,"column":6}},"35":{"start":{"line":90,"column":2},"end":{"line":92,"column":20}},"36":{"start":{"line":91,"column":4},"end":{"line":91,"column":39}},"37":{"start":{"line":93,"column":2},"end":{"line":116,"column":4}},"38":{"start":{"line":119,"column":0},"end":{"line":119,"column":26}}},"fnMap":{"0":{"name":"(anonymous_0)","decl":{"start":{"line":10,"column":39},"end":{"line":10,"column":40}},"loc":{"start":{"line":15,"column":5},"end":{"line":117,"column":1}}},"1":{"name":"(anonymous_1)","decl":{"start":{"line":22,"column":22},"end":{"line":22,"column":23}},"loc":{"start":{"line":22,"column":50},"end":{"line":25,"column":3}}},"2":{"name":"(anonymous_2)","decl":{"start":{"line":35,"column":38},"end":{"line":35,"column":39}},"loc":{"start":{"line":35,"column":49},"end":{"line":52,"column":3}}},"3":{"name":"(anonymous_3)","decl":{"start":{"line":41,"column":19},"end":{"line":41,"column":20}},"loc":{"start":{"line":41,"column":30},"end":{"line":41,"column":48}}},"4":{"name":"(anonymous_4)","decl":{"start":{"line":54,"column":24},"end":{"line":54,"column":27}},"loc":{"start":{"line":54,"column":29},"end":{"line":61,"column":3}}},"5":{"name":"(anonymous_5)","decl":{"start":{"line":63,"column":24},"end":{"line":63,"column":27}},"loc":{"start":{"line":63,"column":29},"end":{"line":70,"column":3}}},"6":{"name":"(anonymous_6)","decl":{"start":{"line":90,"column":12},"end":{"line":90,"column":15}},"loc":{"start":{"line":90,"column":17},"end":{"line":92,"column":3}}}},"branchMap":{"0":{"loc":{"start":{"line":36,"column":4},"end":{"line":51,"column":null}},"type":"if","locations":[{"start":{"line":36,"column":4},"end":{"line":51,"column":null}},{"start":{"line":49,"column":11},"end":{"line":51,"column":null}}]},"1":{"loc":{"start":{"line":36,"column":8},"end":{"line":36,"column":70}},"type":"binary-expr","locations":[{"start":{"line":36,"column":8},"end":{"line":36,"column":39}},{"start":{"line":36,"column":43},"end":{"line":36,"column":70}}]},"2":{"loc":{"start":{"line":43,"column":12},"end":{"line":43,"column":null}},"type":"cond-expr","locations":[{"start":{"line":43,"column":36},"end":{"line":43,"column":44}},{"start":{"line":43,"column":47},"end":{"line":43,"column":null}}]},"3":{"loc":{"start":{"line":57,"column":4},"end":{"line":60,"column":null}},"type":"if","locations":[{"start":{"line":57,"column":4},"end":{"line":60,"column":null}}]},"4":{"loc":{"start":{"line":66,"column":4},"end":{"line":69,"column":null}},"type":"if","locations":[{"start":{"line":66,"column":4},"end":{"line":69,"column":null}}]},"5":{"loc":{"start":{"line":73,"column":2},"end":{"line":79,"column":null}},"type":"if","locations":[{"start":{"line":73,"column":2},"end":{"line":79,"column":null}}]},"6":{"loc":{"start":{"line":82,"column":2},"end":{"line":88,"column":null}},"type":"if","locations":[{"start":{"line":82,"column":2},"end":{"line":88,"column":null}}]},"7":{"loc":{"start":{"line":98,"column":20},"end":{"line":98,"column":58}},"type":"cond-expr","locations":[{"start":{"line":98,"column":46},"end":{"line":98,"column":50}},{"start":{"line":98,"column":53},"end":{"line":98,"column":58}}]},"8":{"loc":{"start":{"line":110,"column":20},"end":{"line":110,"column":73}},"type":"cond-expr","locations":[{"start":{"line":110,"column":61},"end":{"line":110,"column":65}},{"start":{"line":110,"column":68},"end":{"line":110,"column":73}}]}},"s":{"0":1,"1":1,"2":1,"3":3,"4":3,"5":3,"6":3,"7":0,"8":0,"9":3,"10":3,"11":3,"12":15,"13":3,"14":15,"15":15,"16":0,"17":0,"18":3,"19":0,"20":0,"21":0,"22":0,"23":0,"24":3,"25":0,"26":0,"27":0,"28":0,"29":3,"30":3,"31":0,"32":3,"33":3,"34":0,"35":3,"36":3,"37":3,"38":1},"f":{"0":3,"1":0,"2":15,"3":0,"4":0,"5":0,"6":3},"b":{"0":[15,0],"1":[15,15],"2":[3,12],"3":[0],"4":[0],"5":[0],"6":[0],"7":[2,1],"8":[0,3]}}
,"C:\\Users\\NAZIMA\\rsschool-react-q4\\src\\components\\Search\\SearchBar.tsx": {"path":"C:\\Users\\NAZIMA\\rsschool-react-q4\\src\\components\\Search\\SearchBar.tsx","statementMap":{"0":{"start":{"line":1,"column":0},"end":{"line":1,"column":26}},"1":{"start":{"line":3,"column":0},"end":{"line":3,"column":44}},"2":{"start":{"line":4,"column":0},"end":{"line":4,"column":79}},"3":{"start":{"line":10,"column":30},"end":{"line":54,"column":1}},"4":{"start":{"line":11,"column":42},"end":{"line":12,"column":null}},"5":{"start":{"line":15,"column":24},"end":{"line":18,"column":3}},"6":{"start":{"line":16,"column":4},"end":{"line":16,"column":27}},"7":{"start":{"line":17,"column":4},"end":{"line":17,"column":39}},"8":{"start":{"line":20,"column":20},"end":{"line":26,"column":3}},"9":{"start":{"line":21,"column":4},"end":{"line":25,"column":null}},"10":{"start":{"line":22,"column":6},"end":{"line":22,"column":29}},"11":{"start":{"line":23,"column":6},"end":{"line":23,"column":28}},"12":{"start":{"line":24,"column":6},"end":{"line":24,"column":54}},"13":{"start":{"line":28,"column":19},"end":{"line":32,"column":3}},"14":{"start":{"line":29,"column":4},"end":{"line":29,"column":27}},"15":{"start":{"line":30,"column":4},"end":{"line":30,"column":52}},"16":{"start":{"line":31,"column":4},"end":{"line":31,"column":26}},"17":{"start":{"line":34,"column":2},"end":{"line":53,"column":4}},"18":{"start":{"line":56,"column":0},"end":{"line":56,"column":25}}},"fnMap":{"0":{"name":"(anonymous_0)","decl":{"start":{"line":10,"column":30},"end":{"line":10,"column":31}},"loc":{"start":{"line":10,"column":47},"end":{"line":54,"column":1}}},"1":{"name":"(anonymous_1)","decl":{"start":{"line":15,"column":24},"end":{"line":15,"column":25}},"loc":{"start":{"line":15,"column":71},"end":{"line":18,"column":3}}},"2":{"name":"(anonymous_2)","decl":{"start":{"line":20,"column":20},"end":{"line":20,"column":21}},"loc":{"start":{"line":20,"column":69},"end":{"line":26,"column":3}}},"3":{"name":"(anonymous_3)","decl":{"start":{"line":28,"column":19},"end":{"line":28,"column":20}},"loc":{"start":{"line":28,"column":51},"end":{"line":32,"column":3}}}},"branchMap":{"0":{"loc":{"start":{"line":21,"column":4},"end":{"line":25,"column":null}},"type":"if","locations":[{"start":{"line":21,"column":4},"end":{"line":25,"column":null}}]}},"s":{"0":1,"1":1,"2":1,"3":1,"4":1,"5":1,"6":0,"7":0,"8":1,"9":0,"10":0,"11":0,"12":0,"13":1,"14":0,"15":0,"16":0,"17":1,"18":1},"f":{"0":1,"1":0,"2":0,"3":0},"b":{"0":[0]}}
,"C:\\Users\\NAZIMA\\rsschool-react-q4\\src\\components\\ThrowErrorBtn\\ThrowErrorBtn.tsx": {"path":"C:\\Users\\NAZIMA\\rsschool-react-q4\\src\\components\\ThrowErrorBtn\\ThrowErrorBtn.tsx","statementMap":{"0":{"start":{"line":1,"column":0},"end":{"line":1,"column":30}},"1":{"start":{"line":2,"column":0},"end":{"line":2,"column":53}},"2":{"start":{"line":4,"column":26},"end":{"line":22,"column":1}},"3":{"start":{"line":5,"column":34},"end":{"line":5,"column":58}},"4":{"start":{"line":7,"column":18},"end":{"line":9,"column":3}},"5":{"start":{"line":8,"column":4},"end":{"line":8,"column":22}},"6":{"start":{"line":11,"column":2},"end":{"line":15,"column":17}},"7":{"start":{"line":12,"column":4},"end":{"line":14,"column":null}},"8":{"start":{"line":13,"column":6},"end":{"line":13,"column":46}},"9":{"start":{"line":17,"column":2},"end":{"line":21,"column":4}},"10":{"start":{"line":24,"column":0},"end":{"line":24,"column":29}}},"fnMap":{"0":{"name":"(anonymous_0)","decl":{"start":{"line":4,"column":26},"end":{"line":4,"column":29}},"loc":{"start":{"line":4,"column":31},"end":{"line":22,"column":1}}},"1":{"name":"(anonymous_1)","decl":{"start":{"line":7,"column":18},"end":{"line":7,"column":21}},"loc":{"start":{"line":7,"column":23},"end":{"line":9,"column":3}}},"2":{"name":"(anonymous_2)","decl":{"start":{"line":11,"column":12},"end":{"line":11,"column":15}},"loc":{"start":{"line":11,"column":17},"end":{"line":15,"column":3}}}},"branchMap":{"0":{"loc":{"start":{"line":12,"column":4},"end":{"line":14,"column":null}},"type":"if","locations":[{"start":{"line":12,"column":4},"end":{"line":14,"column":null}}]}},"s":{"0":0,"1":0,"2":0,"3":0,"4":0,"5":0,"6":0,"7":0,"8":0,"9":0,"10":0},"f":{"0":0,"1":0,"2":0},"b":{"0":[0]}}
,"C:\\Users\\NAZIMA\\rsschool-react-q4\\src\\context\\cardListContext.tsx": {"path":"C:\\Users\\NAZIMA\\rsschool-react-q4\\src\\context\\cardListContext.tsx","statementMap":{"0":{"start":{"line":1,"column":0},"end":{"line":1,"column":null}},"1":{"start":{"line":20,"column":13},"end":{"line":20,"column":79}},"2":{"start":{"line":22,"column":51},"end":{"line":30,"column":1}},"3":{"start":{"line":23,"column":28},"end":{"line":23,"column":54}},"4":{"start":{"line":25,"column":2},"end":{"line":29,"column":4}},"5":{"start":{"line":22,"column":13},"end":{"line":22,"column":51}}},"fnMap":{"0":{"name":"(anonymous_0)","decl":{"start":{"line":22,"column":51},"end":{"line":22,"column":52}},"loc":{"start":{"line":22,"column":68},"end":{"line":30,"column":1}}}},"branchMap":{},"s":{"0":0,"1":0,"2":0,"3":0,"4":0,"5":0},"f":{"0":0},"b":{}}
,"C:\\Users\\NAZIMA\\rsschool-react-q4\\src\\context\\searchContext.tsx": {"path":"C:\\Users\\NAZIMA\\rsschool-react-q4\\src\\context\\searchContext.tsx","statementMap":{"0":{"start":{"line":1,"column":0},"end":{"line":1,"column":null}},"1":{"start":{"line":19,"column":13},"end":{"line":19,"column":75}},"2":{"start":{"line":21,"column":49},"end":{"line":33,"column":1}},"3":{"start":{"line":22,"column":40},"end":{"line":23,"column":null}},"4":{"start":{"line":26,"column":2},"end":{"line":32,"column":4}},"5":{"start":{"line":21,"column":13},"end":{"line":21,"column":49}}},"fnMap":{"0":{"name":"(anonymous_0)","decl":{"start":{"line":21,"column":49},"end":{"line":21,"column":50}},"loc":{"start":{"line":21,"column":66},"end":{"line":33,"column":1}}}},"branchMap":{"0":{"loc":{"start":{"line":23,"column":4},"end":{"line":23,"column":44}},"type":"binary-expr","locations":[{"start":{"line":23,"column":4},"end":{"line":23,"column":38}},{"start":{"line":23,"column":42},"end":{"line":23,"column":44}}]}},"s":{"0":1,"1":1,"2":1,"3":0,"4":0,"5":1},"f":{"0":0},"b":{"0":[0,0]}}
,"C:\\Users\\NAZIMA\\rsschool-react-q4\\src\\pages\\home\\Home.tsx": {"path":"C:\\Users\\NAZIMA\\rsschool-react-q4\\src\\pages\\home\\Home.tsx","statementMap":{"0":{"start":{"line":1,"column":0},"end":{"line":1,"column":21}},"1":{"start":{"line":3,"column":0},"end":{"line":3,"column":60}},"2":{"start":{"line":4,"column":0},"end":{"line":4,"column":55}},"3":{"start":{"line":6,"column":0},"end":{"line":6,"column":58}},"4":{"start":{"line":7,"column":0},"end":{"line":7,"column":58}},"5":{"start":{"line":8,"column":0},"end":{"line":8,"column":73}},"6":{"start":{"line":9,"column":0},"end":{"line":9,"column":64}},"7":{"start":{"line":10,"column":0},"end":{"line":10,"column":null}},"8":{"start":{"line":15,"column":13},"end":{"line":15,"column":68}},"9":{"start":{"line":17,"column":17},"end":{"line":114,"column":1}},"10":{"start":{"line":18,"column":36},"end":{"line":18,"column":51}},"11":{"start":{"line":19,"column":24},"end":{"line":19,"column":36}},"12":{"start":{"line":21,"column":30},"end":{"line":22,"column":null}},"13":{"start":{"line":25,"column":38},"end":{"line":25,"column":49}},"14":{"start":{"line":26,"column":40},"end":{"line":26,"column":51}},"15":{"start":{"line":28,"column":34},"end":{"line":28,"column":46}},"16":{"start":{"line":30,"column":19},"end":{"line":39,"column":3}},"17":{"start":{"line":31,"column":14},"end":{"line":31,"column":16}},"18":{"start":{"line":32,"column":4},"end":{"line":36,"column":null}},"19":{"start":{"line":33,"column":6},"end":{"line":33,"column":21}},"20":{"start":{"line":35,"column":6},"end":{"line":35,"column":39}},"21":{"start":{"line":38,"column":4},"end":{"line":38,"column":19}},"22":{"start":{"line":41,"column":19},"end":{"line":41,"column":32}},"23":{"start":{"line":43,"column":32},"end":{"line":59,"column":3}},"24":{"start":{"line":44,"column":4},"end":{"line":52,"column":null}},"25":{"start":{"line":45,"column":6},"end":{"line":48,"column":9}},"26":{"start":{"line":49,"column":6},"end":{"line":49,"column":51}},"27":{"start":{"line":50,"column":6},"end":{"line":50,"column":22}},"28":{"start":{"line":51,"column":6},"end":{"line":51,"column":13}},"29":{"start":{"line":53,"column":4},"end":{"line":56,"column":7}},"30":{"start":{"line":57,"column":4},"end":{"line":57,"column":40}},"31":{"start":{"line":58,"column":4},"end":{"line":58,"column":49}},"32":{"start":{"line":61,"column":2},"end":{"line":63,"column":9}},"33":{"start":{"line":62,"column":4},"end":{"line":62,"column":55}},"34":{"start":{"line":65,"column":20},"end":{"line":82,"column":3}},"35":{"start":{"line":66,"column":4},"end":{"line":66,"column":23}},"36":{"start":{"line":67,"column":4},"end":{"line":67,"column":17}},"37":{"start":{"line":68,"column":4},"end":{"line":68,"column":15}},"38":{"start":{"line":69,"column":26},"end":{"line":69,"column":42}},"39":{"start":{"line":71,"column":17},"end":{"line":71,"column":33}},"40":{"start":{"line":72,"column":4},"end":{"line":77,"column":null}},"41":{"start":{"line":73,"column":6},"end":{"line":73,"column":26}},"42":{"start":{"line":74,"column":6},"end":{"line":74,"column":19}},"43":{"start":{"line":75,"column":6},"end":{"line":75,"column":25}},"44":{"start":{"line":76,"column":6},"end":{"line":76,"column":13}},"45":{"start":{"line":78,"column":4},"end":{"line":78,"column":24}},"46":{"start":{"line":79,"column":4},"end":{"line":79,"column":27}},"47":{"start":{"line":80,"column":4},"end":{"line":80,"column":36}},"48":{"start":{"line":81,"column":4},"end":{"line":81,"column":15}},"49":{"start":{"line":84,"column":2},"end":{"line":113,"column":4}},"50":{"start":{"line":116,"column":0},"end":{"line":116,"column":20}}},"fnMap":{"0":{"name":"(anonymous_1)","decl":{"start":{"line":17,"column":17},"end":{"line":17,"column":20}},"loc":{"start":{"line":17,"column":22},"end":{"line":114,"column":1}}},"1":{"name":"(anonymous_2)","decl":{"start":{"line":30,"column":19},"end":{"line":30,"column":24}},"loc":{"start":{"line":30,"column":42},"end":{"line":39,"column":3}}},"2":{"name":"(anonymous_3)","decl":{"start":{"line":43,"column":32},"end":{"line":43,"column":33}},"loc":{"start":{"line":43,"column":56},"end":{"line":59,"column":3}}},"3":{"name":"(anonymous_4)","decl":{"start":{"line":61,"column":12},"end":{"line":61,"column":15}},"loc":{"start":{"line":61,"column":17},"end":{"line":63,"column":3}}},"4":{"name":"(anonymous_5)","decl":{"start":{"line":65,"column":20},"end":{"line":65,"column":25}},"loc":{"start":{"line":65,"column":42},"end":{"line":82,"column":3}}}},"branchMap":{"0":{"loc":{"start":{"line":32,"column":4},"end":{"line":36,"column":null}},"type":"if","locations":[{"start":{"line":32,"column":4},"end":{"line":36,"column":null}},{"start":{"line":34,"column":11},"end":{"line":36,"column":null}}]},"1":{"loc":{"start":{"line":44,"column":4},"end":{"line":52,"column":null}},"type":"if","locations":[{"start":{"line":44,"column":4},"end":{"line":52,"column":null}}]},"2":{"loc":{"start":{"line":62,"column":13},"end":{"line":62,"column":53}},"type":"binary-expr","locations":[{"start":{"line":62,"column":13},"end":{"line":62,"column":47}},{"start":{"line":62,"column":51},"end":{"line":62,"column":53}}]},"3":{"loc":{"start":{"line":72,"column":4},"end":{"line":77,"column":null}},"type":"if","locations":[{"start":{"line":72,"column":4},"end":{"line":77,"column":null}}]},"4":{"loc":{"start":{"line":91,"column":9},"end":{"line":91,"column":48}},"type":"binary-expr","locations":[{"start":{"line":91,"column":9},"end":{"line":91,"column":12}},{"start":{"line":91,"column":16},"end":{"line":91,"column":48}}]},"5":{"loc":{"start":{"line":92,"column":9},"end":{"line":92,"column":59}},"type":"binary-expr","locations":[{"start":{"line":92,"column":9},"end":{"line":92,"column":18}},{"start":{"line":92,"column":22},"end":{"line":92,"column":59}}]},"6":{"loc":{"start":{"line":95,"column":13},"end":{"line":95,"column":68}},"type":"binary-expr","locations":[{"start":{"line":95,"column":13},"end":{"line":95,"column":18}},{"start":{"line":95,"column":22},"end":{"line":95,"column":68}}]}},"s":{"0":0,"1":0,"2":0,"3":0,"4":0,"5":0,"6":0,"7":0,"8":0,"9":0,"10":0,"11":0,"12":0,"13":0,"14":0,"15":0,"16":0,"17":0,"18":0,"19":0,"20":0,"21":0,"22":0,"23":0,"24":0,"25":0,"26":0,"27":0,"28":0,"29":0,"30":0,"31":0,"32":0,"33":0,"34":0,"35":0,"36":0,"37":0,"38":0,"39":0,"40":0,"41":0,"42":0,"43":0,"44":0,"45":0,"46":0,"47":0,"48":0,"49":0,"50":0},"f":{"0":0,"1":0,"2":0,"3":0,"4":0},"b":{"0":[0,0],"1":[0],"2":[0,0],"3":[0],"4":[0,0],"5":[0,0],"6":[0,0]}}
,"C:\\Users\\NAZIMA\\rsschool-react-q4\\src\\utils\\http.ts": {"path":"C:\\Users\\NAZIMA\\rsschool-react-q4\\src\\utils\\http.ts","statementMap":{"0":{"start":{"line":9,"column":31},"end":{"line":9,"column":47}},"1":{"start":{"line":10,"column":2},"end":{"line":10,"column":36}},"2":{"start":{"line":11,"column":2},"end":{"line":11,"column":13}},"3":{"start":{"line":8,"column":0},"end":{"line":8,"column":7}}},"fnMap":{"0":{"name":"http","decl":{"start":{"line":8,"column":22},"end":{"line":8,"column":26}},"loc":{"start":{"line":8,"column":41},"end":{"line":12,"column":1}}}},"branchMap":{},"s":{"0":0,"1":0,"2":0,"3":0},"f":{"0":0},"b":{}}
}
