TN:
SF:src\components\Card\Card.tsx
FN:11,(anonymous_0)
FN:14,(anonymous_1)
FNF:2
FNH:0
FNDA:0,(anonymous_0)
FNDA:0,(anonymous_1)
DA:1,1
DA:5,1
DA:11,1
DA:12,0
DA:14,0
DA:20,0
DA:23,0
DA:38,1
LF:8
LH:4
BRF:0
BRH:0
end_of_record
TN:
SF:src\components\CardList\CardList.tsx
FN:12,(anonymous_1)
FN:18,(anonymous_2)
FNF:2
FNH:0
FNDA:0,(anonymous_1)
FNDA:0,(anonymous_2)
DA:1,1
DA:4,1
DA:12,1
DA:13,0
DA:14,0
DA:19,0
DA:29,1
LF:7
LH:4
BRF:0
BRH:0
end_of_record
TN:
SF:src\components\Error\Error.tsx
FN:5,(anonymous_0)
FNF:1
FNH:1
FNDA:1,(anonymous_0)
DA:1,1
DA:5,1
DA:6,1
DA:14,1
LF:4
LH:4
BRF:0
BRH:0
end_of_record
TN:
SF:src\components\ErrorBoundary\ErrorBoundary.tsx
FN:13,(anonymous_0)
FN:21,(anonymous_1)
FN:25,(anonymous_2)
FN:33,(anonymous_3)
FNF:4
FNH:4
FNDA:4,(anonymous_0)
FNDA:2,(anonymous_1)
FNDA:1,(anonymous_2)
FNDA:5,(anonymous_3)
DA:1,1
DA:14,4
DA:15,3
DA:17,3
DA:22,2
DA:26,1
DA:34,5
DA:35,2
DA:38,3
DA:42,1
LF:10
LH:10
BRDA:34,0,0,2
BRF:1
BRH:1
end_of_record
TN:
SF:src\components\Pagination\Pagination.tsx
FN:10,(anonymous_0)
FN:20,(anonymous_1)
FN:32,(anonymous_2)
FN:38,(anonymous_3)
FN:51,(anonymous_4)
FN:60,(anonymous_5)
FN:87,(anonymous_6)
FNF:7
FNH:3
FNDA:6,(anonymous_0)
FNDA:0,(anonymous_1)
FNDA:15,(anonymous_2)
FNDA:0,(anonymous_3)
FNDA:0,(anonymous_4)
FNDA:0,(anonymous_5)
FNDA:4,(anonymous_6)
DA:1,2
DA:2,2
DA:10,2
DA:16,6
DA:17,6
DA:18,6
DA:20,6
DA:21,0
DA:22,0
DA:25,6
DA:26,6
DA:27,3
DA:28,15
DA:32,6
DA:33,15
DA:34,15
DA:38,0
DA:47,0
DA:51,6
DA:52,0
DA:53,0
DA:54,0
DA:55,0
DA:56,0
DA:60,6
DA:61,0
DA:63,0
DA:64,0
DA:65,0
DA:69,6
DA:70,6
DA:71,0
DA:78,6
DA:79,6
DA:80,0
DA:87,6
DA:88,4
DA:90,6
DA:116,2
LF:39
LH:24
BRDA:26,0,0,3
BRDA:33,1,0,15
BRDA:33,1,1,0
BRDA:33,2,0,15
BRDA:33,2,1,15
BRDA:40,3,0,3
BRDA:40,3,1,12
BRDA:54,4,0,0
BRDA:63,5,0,0
BRDA:70,6,0,0
BRDA:79,7,0,0
BRDA:95,8,0,2
BRDA:95,8,1,4
BRDA:107,9,0,0
BRDA:107,9,1,6
BRF:15
BRH:9
end_of_record
TN:
SF:src\components\Search\SearchBar.tsx
FN:11,(anonymous_0)
FN:13,(anonymous_1)
FN:17,(anonymous_2)
FN:22,(anonymous_3)
FN:30,(anonymous_4)
FNF:5
FNH:3
FNDA:6,(anonymous_0)
FNDA:14,(anonymous_1)
FNDA:0,(anonymous_2)
FNDA:1,(anonymous_3)
FNDA:0,(anonymous_4)
DA:1,2
DA:3,2
DA:4,2
DA:5,2
DA:11,2
DA:12,6
DA:13,14
DA:15,6
DA:17,6
DA:18,0
DA:19,0
DA:22,6
DA:23,1
DA:24,1
DA:25,1
DA:26,1
DA:30,6
DA:31,0
DA:32,0
DA:33,0
DA:36,6
DA:58,2
LF:22
LH:17
BRDA:23,0,0,1
BRF:1
BRH:1
end_of_record
TN:
SF:src\components\ThrowErrorBtn\ThrowErrorBtn.tsx
FN:4,(anonymous_0)
FN:7,(anonymous_1)
FN:11,(anonymous_2)
FNF:3
FNH:2
FNDA:3,(anonymous_0)
FNDA:0,(anonymous_1)
FNDA:1,(anonymous_2)
DA:1,1
DA:2,1
DA:4,1
DA:5,3
DA:7,3
DA:8,0
DA:11,3
DA:12,1
DA:13,0
DA:17,3
DA:24,1
LF:11
LH:9
BRDA:12,0,0,0
BRF:1
BRH:0
end_of_record
TN:
SF:src\pages\home\Home.tsx
FN:15,(anonymous_1)
FN:17,(anonymous_2)
FN:27,(anonymous_3)
FN:51,(anonymous_4)
FNF:4
FNH:3
FNDA:5,(anonymous_1)
FNDA:9,(anonymous_2)
FNDA:1,(anonymous_3)
FNDA:0,(anonymous_4)
DA:1,1
DA:3,1
DA:4,1
DA:6,1
DA:7,1
DA:8,1
DA:9,1
DA:10,1
DA:11,1
DA:13,1
DA:15,1
DA:16,5
DA:17,9
DA:18,4
DA:23,4
DA:25,4
DA:27,4
DA:28,1
DA:29,1
DA:33,1
DA:34,1
DA:36,0
DA:40,0
DA:43,4
DA:44,1
DA:47,3
DA:80,1
LF:27
LH:25
BRDA:28,0,0,1
BRDA:28,1,0,1
BRDA:28,1,1,1
BRDA:43,2,0,1
BRDA:54,3,0,3
BRDA:54,3,1,3
BRDA:57,4,0,3
BRDA:57,4,1,0
BRF:8
BRH:7
end_of_record
TN:
SF:src\store\cardListSlice.ts
FN:19,(anonymous_0)
FN:21,(anonymous_1)
FNF:2
FNH:2
FNDA:2,(anonymous_0)
FNDA:1,(anonymous_1)
DA:1,2
DA:14,2
DA:19,2
DA:21,1
DA:34,2
LF:5
LH:5
BRF:0
BRH:0
end_of_record
TN:
SF:src\store\hooks.ts
FN:4,(anonymous_0)
FNF:1
FNH:1
FNDA:6,(anonymous_0)
DA:1,2
DA:4,6
DA:5,2
LF:3
LH:3
BRF:0
BRH:0
end_of_record
TN:
SF:src\store\searchSlice.ts
FN:17,(anonymous_0)
FN:25,(anonymous_1)
FNF:2
FNH:1
FNDA:2,(anonymous_0)
FNDA:0,(anonymous_1)
DA:1,3
DA:8,3
DA:13,3
DA:18,2
DA:19,2
DA:24,3
DA:25,3
DA:26,3
LF:8
LH:8
BRDA:9,0,0,3
BRDA:9,0,1,3
BRF:2
BRH:2
end_of_record
